<?xml version="1.0" encoding="UTF-8"?>
<!-- Generated by org.testng.reporters.JUnitReportReporter -->
<testsuite hostname="LIN-5CG11562TV" failures="0" tests="12" name="TestNG.TestParameters1" time="7.290" errors="0" timestamp="2024-05-21T10:01:02 IST" skipped="0">
  <testcase classname="TestNG.TestParameters1" name="getData" time="0.209"/>
  <testcase classname="TestNG.TestParameters1" name="getData" time="2.813"/>
  <testcase classname="TestNG.TestParameters1" name="getData" time="0.215"/>
  <testcase classname="TestNG.TestParameters1" name="addData" time="0.422"/>
  <testcase classname="TestNG.TestParameters1" name="addData" time="0.457"/>
  <testcase classname="TestNG.TestParameters1" name="addData" time="0.435"/>
  <testcase classname="TestNG.TestParameters1" name="addData" time="0.407"/>
  <testcase classname="TestNG.TestParameters1" name="addData" time="0.401"/>
  <testcase classname="TestNG.TestParameters1" name="addData" time="0.522"/>
  <testcase classname="TestNG.TestParameters1" name="addData" time="0.471"/>
  <testcase classname="TestNG.TestParameters1" name="addData" time="0.476"/>
  <testcase classname="TestNG.TestParameters1" name="addData" time="0.462"/>
</testsuite> <!-- TestNG.TestParameters1 -->
