<?xml version="1.0" encoding="UTF-8"?>
<!-- Generated by org.testng.reporters.JUnitReportReporter -->
<testsuite hostname="LIN-5CG11562TV" failures="0" tests="3" name="TestNG.ExcelReaderTestExtentReport" time="3.105" errors="0" timestamp="2024-05-22T10:28:25 IST" skipped="0">
  <testcase classname="TestNG.ExcelReaderTestExtentReport" name="addData" time="0.461"/>
  <testcase classname="TestNG.ExcelReaderTestExtentReport" name="addData" time="2.216"/>
  <testcase classname="TestNG.ExcelReaderTestExtentReport" name="addData" time="0.428"/>
</testsuite> <!-- TestNG.ExcelReaderTestExtentReport -->
