<?xml version="1.0" encoding="UTF-8"?>
<!-- Generated by org.testng.reporters.JUnitReportReporter -->
<testsuite hostname="LIN-5CG11562TV" failures="0" tests="3" name="TestNG.ExcelReaderTest2" time="5.657" errors="0" timestamp="2024-05-23T10:19:41 IST" skipped="0">
  <testcase classname="TestNG.ExcelReaderTest2" name="f" time="0.586"/>
  <testcase classname="TestNG.ExcelReaderTest2" name="f" time="4.509"/>
  <testcase classname="TestNG.ExcelReaderTest2" name="f" time="0.562"/>
</testsuite> <!-- TestNG.ExcelReaderTest2 -->
