<?xml version="1.0" encoding="UTF-8"?>
<!-- Generated by org.testng.reporters.JUnitReportReporter -->
<testsuite hostname="LIN-5CG11562TV" failures="0" tests="4" name="TestNG.GetUserListTest1" time="5.142" errors="0" timestamp="2024-05-27T15:48:19 IST" skipped="0">
  <testcase classname="TestNG.GetUserListTest1" name="getData" time="3.665"/>
  <testcase classname="TestNG.GetUserListTest1" name="addData" time="0.519"/>
  <testcase classname="TestNG.GetUserListTest1" name="addData" time="0.453"/>
  <testcase classname="TestNG.GetUserListTest1" name="addData" time="0.505"/>
</testsuite> <!-- TestNG.GetUserListTest1 -->
