<?xml version="1.0" encoding="UTF-8"?>
<!-- Generated by org.testng.reporters.JUnitReportReporter -->
<testsuite hostname="LIN-5CG11562TV" failures="0" tests="1" name="com.restAssured.RestAssuredDemo.TestNGTest1" time="0.010" errors="0" timestamp="2024-05-16T09:00:35 IST" skipped="0">
  <testcase classname="com.restAssured.RestAssuredDemo.TestNGTest1" name="f" time="0.010"/>
</testsuite> <!-- com.restAssured.RestAssuredDemo.TestNGTest1 -->
