<?xml version="1.0" encoding="UTF-8"?>
<!-- Generated by org.testng.reporters.JUnitReportReporter -->
<testsuite hostname="LIN-5CG11562TV" failures="0" tests="4" name="com.TestNG.GetUserListTest1" time="5.629" errors="0" timestamp="2024-05-17T10:22:15 IST" skipped="0">
  <testcase classname="com.TestNG.GetUserListTest1" name="getData" time="3.987"/>
  <testcase classname="com.TestNG.GetUserListTest1" name="addData" time="0.594"/>
  <testcase classname="com.TestNG.GetUserListTest1" name="addData" time="0.561"/>
  <testcase classname="com.TestNG.GetUserListTest1" name="addData" time="0.487"/>
</testsuite> <!-- com.TestNG.GetUserListTest1 -->
