<?xml version="1.0" encoding="UTF-8"?>
<!-- Generated by org.testng.reporters.JUnitReportReporter -->
<testsuite hostname="LIN-5CG11562TV" failures="0" tests="2" name="objRepo.ObjectRepoTest" time="3.003" errors="0" timestamp="2024-05-17T16:32:52 IST" skipped="0">
  <testcase classname="objRepo.ObjectRepoTest" name="getData" time="2.504"/>
  <testcase classname="objRepo.ObjectRepoTest" name="addData" time="0.499"/>
</testsuite> <!-- objRepo.ObjectRepoTest -->
