<?xml version="1.0" encoding="UTF-8"?>
<!-- Generated by org.testng.reporters.JUnitReportReporter -->
<testsuite hostname="LIN-5CG11562TV" failures="0" tests="1" name="TestRunner.TestRunner1" time="2.818" errors="0" timestamp="2024-05-28T12:19:52 IST" skipped="0">
  <testcase classname="TestRunner.TestRunner1" name="runScenario" time="2.818"/>
</testsuite> <!-- TestRunner.TestRunner1 -->
