<?xml version="1.0" encoding="UTF-8"?>
<!-- Generated by org.testng.reporters.JUnitReportReporter -->
<testsuite hostname="LIN-5CG11562TV" failures="0" tests="4" name="com.TestNG.TestParameters1" time="4.513" errors="0" timestamp="2024-05-17T12:33:46 IST" skipped="0">
  <testcase classname="com.TestNG.TestParameters1" name="getData" time="3.258"/>
  <testcase classname="com.TestNG.TestParameters1" name="addData" time="0.390"/>
  <testcase classname="com.TestNG.TestParameters1" name="addData" time="0.386"/>
  <testcase classname="com.TestNG.TestParameters1" name="addData" time="0.479"/>
</testsuite> <!-- com.TestNG.TestParameters1 -->
