<?xml version="1.0" encoding="UTF-8"?>
<!-- Generated by org.testng.reporters.JUnitReportReporter -->
<testsuite hostname="LIN-5CG11562TV" failures="0" tests="2" name="TestNG.ExcelReaderTest1" time="4.324" errors="0" timestamp="2024-05-21T10:34:36 IST" skipped="0">
  <testcase classname="TestNG.ExcelReaderTest1" name="getData" time="2.942"/>
  <testcase classname="TestNG.ExcelReaderTest1" name="addData" time="1.382"/>
</testsuite> <!-- TestNG.ExcelReaderTest1 -->
